2025-09-15 19:00:07 [INFO]: Connection attempt 1 of 3 {
  "service": "database-connection"
}
2025-09-15 19:00:07 [ERROR]: Connection attempt 1 failed {
  "error": "The `uri` parameter to `openUri()` must be a string, got \"undefined\". Make sure the first parameter to `mongoose.connect()` or `mongoose.createConnection()` is a string.",
  "name": "MongooseError",
  "stack": "MongooseError: The `uri` parameter to `openUri()` must be a string, got \"undefined\". Make sure the first parameter to `mongoose.connect()` or `mongoose.createConnection()` is a string.\n    at NativeConnection.createClient (C:\\Users\\Marcel Hess\\Dev\\marcel-final-expenses-app\\Marcel-Final-Expenses-App\\backend\\node_modules\\mongoose\\lib\\drivers\\node-mongodb-native\\connection.js:236:11)\n    at NativeConnection.openUri (C:\\Users\\Marcel Hess\\Dev\\marcel-final-expenses-app\\Marcel-Final-Expenses-App\\backend\\node_modules\\mongoose\\lib\\connection.js:1071:34)\n    at Mongoose.connect (C:\\Users\\Marcel Hess\\Dev\\marcel-final-expenses-app\\Marcel-Final-Expenses-App\\backend\\node_modules\\mongoose\\lib\\mongoose.js:450:15)\n    at connectDB (file:///C:/Users/Marcel%20Hess/Dev/marcel-final-expenses-app/Marcel-Final-Expenses-App/backend/src/config/db.js:77:22)\n    at file:///C:/Users/Marcel%20Hess/Dev/marcel-final-expenses-app/Marcel-Final-Expenses-App/backend/src/server.js:89:1\n    at ModuleJob.run (node:internal/modules/esm/module_job:274:25)\n    at async onImport.tracePromise.__proto__ (node:internal/modules/esm/loader:644:26)\n    at async asyncRunEntryPointWithESMLoader (node:internal/modules/run_main:98:5)",
  "service": "database-connection"
}
2025-09-15 19:00:07 [INFO]: Retrying in 2 seconds... {
  "service": "database-connection"
}
2025-09-15 19:00:07 [ERROR]: Connection error {
  "error": "The `uri` parameter to `openUri()` must be a string, got \"undefined\". Make sure the first parameter to `mongoose.connect()` or `mongoose.createConnection()` is a string.",
  "name": "MongooseError",
  "stack": "MongooseError: The `uri` parameter to `openUri()` must be a string, got \"undefined\". Make sure the first parameter to `mongoose.connect()` or `mongoose.createConnection()` is a string.\n    at NativeConnection.createClient (C:\\Users\\Marcel Hess\\Dev\\marcel-final-expenses-app\\Marcel-Final-Expenses-App\\backend\\node_modules\\mongoose\\lib\\drivers\\node-mongodb-native\\connection.js:236:11)\n    at NativeConnection.openUri (C:\\Users\\Marcel Hess\\Dev\\marcel-final-expenses-app\\Marcel-Final-Expenses-App\\backend\\node_modules\\mongoose\\lib\\connection.js:1071:34)\n    at Mongoose.connect (C:\\Users\\Marcel Hess\\Dev\\marcel-final-expenses-app\\Marcel-Final-Expenses-App\\backend\\node_modules\\mongoose\\lib\\mongoose.js:450:15)\n    at connectDB (file:///C:/Users/Marcel%20Hess/Dev/marcel-final-expenses-app/Marcel-Final-Expenses-App/backend/src/config/db.js:77:22)\n    at file:///C:/Users/Marcel%20Hess/Dev/marcel-final-expenses-app/Marcel-Final-Expenses-App/backend/src/server.js:89:1\n    at ModuleJob.run (node:internal/modules/esm/module_job:274:25)\n    at async onImport.tracePromise.__proto__ (node:internal/modules/esm/loader:644:26)\n    at async asyncRunEntryPointWithESMLoader (node:internal/modules/run_main:98:5)",
  "service": "database-connection"
}
2025-09-15 19:00:09 [INFO]: Connection attempt 2 of 3 {
  "service": "database-connection"
}
2025-09-15 19:00:09 [ERROR]: Connection attempt 2 failed {
  "error": "The `uri` parameter to `openUri()` must be a string, got \"undefined\". Make sure the first parameter to `mongoose.connect()` or `mongoose.createConnection()` is a string.",
  "name": "MongooseError",
  "stack": "MongooseError: The `uri` parameter to `openUri()` must be a string, got \"undefined\". Make sure the first parameter to `mongoose.connect()` or `mongoose.createConnection()` is a string.\n    at NativeConnection.createClient (C:\\Users\\Marcel Hess\\Dev\\marcel-final-expenses-app\\Marcel-Final-Expenses-App\\backend\\node_modules\\mongoose\\lib\\drivers\\node-mongodb-native\\connection.js:236:11)\n    at NativeConnection.openUri (C:\\Users\\Marcel Hess\\Dev\\marcel-final-expenses-app\\Marcel-Final-Expenses-App\\backend\\node_modules\\mongoose\\lib\\connection.js:1071:34)\n    at Mongoose.connect (C:\\Users\\Marcel Hess\\Dev\\marcel-final-expenses-app\\Marcel-Final-Expenses-App\\backend\\node_modules\\mongoose\\lib\\mongoose.js:450:15)\n    at connectDB (file:///C:/Users/Marcel%20Hess/Dev/marcel-final-expenses-app/Marcel-Final-Expenses-App/backend/src/config/db.js:77:22)",
  "service": "database-connection"
}
2025-09-15 19:00:09 [INFO]: Retrying in 4 seconds... {
  "service": "database-connection"
}
2025-09-15 19:00:09 [ERROR]: Connection error {
  "error": "The `uri` parameter to `openUri()` must be a string, got \"undefined\". Make sure the first parameter to `mongoose.connect()` or `mongoose.createConnection()` is a string.",
  "name": "MongooseError",
  "stack": "MongooseError: The `uri` parameter to `openUri()` must be a string, got \"undefined\". Make sure the first parameter to `mongoose.connect()` or `mongoose.createConnection()` is a string.\n    at NativeConnection.createClient (C:\\Users\\Marcel Hess\\Dev\\marcel-final-expenses-app\\Marcel-Final-Expenses-App\\backend\\node_modules\\mongoose\\lib\\drivers\\node-mongodb-native\\connection.js:236:11)\n    at NativeConnection.openUri (C:\\Users\\Marcel Hess\\Dev\\marcel-final-expenses-app\\Marcel-Final-Expenses-App\\backend\\node_modules\\mongoose\\lib\\connection.js:1071:34)\n    at Mongoose.connect (C:\\Users\\Marcel Hess\\Dev\\marcel-final-expenses-app\\Marcel-Final-Expenses-App\\backend\\node_modules\\mongoose\\lib\\mongoose.js:450:15)\n    at connectDB (file:///C:/Users/Marcel%20Hess/Dev/marcel-final-expenses-app/Marcel-Final-Expenses-App/backend/src/config/db.js:77:22)",
  "service": "database-connection"
}
2025-09-15 19:00:13 [INFO]: Connection attempt 3 of 3 {
  "service": "database-connection"
}
2025-09-15 19:03:16 [INFO]: Connection attempt 1 of 3 {
  "service": "database-connection"
}
2025-09-15 19:03:16 [INFO]: Connecting to database... {
  "service": "database-connection"
}
2025-09-15 19:03:16 [INFO]: Connected to database {
  "host": "localhost",
  "port": 27017,
  "database": "expenses-tracker",
  "readyState": 1,
  "service": "database-connection"
}
2025-09-15 19:03:16 [INFO]: Successfully connected to database {
  "connectionTimeMs": 38,
  "mongoVersion": "8.13.0",
  "service": "database-connection"
}
2025-09-15 19:03:16 [INFO]: Initializing default data... {
  "service": "database-connection"
}
2025-09-15 19:03:17 [INFO]: Default data initialization complete {
  "service": "database-connection"
}
2025-09-15 19:04:44 [INFO]: Connection attempt 1 of 3 {
  "service": "database-connection"
}
2025-09-15 19:04:44 [INFO]: Connecting to database... {
  "service": "database-connection"
}
2025-09-15 19:04:45 [INFO]: Connected to database {
  "host": "ac-pts1nwn-shard-00-00.w8wfxrd.mongodb.net",
  "port": 27017,
  "database": "attend-wise",
  "readyState": 1,
  "service": "database-connection"
}
2025-09-15 19:04:45 [INFO]: Successfully connected to database {
  "connectionTimeMs": 568,
  "mongoVersion": "8.13.0",
  "service": "database-connection"
}
2025-09-15 19:04:45 [INFO]: Initializing default data... {
  "service": "database-connection"
}
2025-09-15 19:04:45 [INFO]: Default data initialization complete {
  "service": "database-connection"
}
2025-09-15 19:13:03 [INFO]: Connection attempt 1 of 3 {
  "service": "database-connection"
}
2025-09-15 19:13:03 [INFO]: Connecting to database... {
  "service": "database-connection"
}
2025-09-15 19:13:03 [INFO]: Connected to database {
  "host": "ac-pts1nwn-shard-00-00.w8wfxrd.mongodb.net",
  "port": 27017,
  "database": "attend-wise",
  "readyState": 1,
  "service": "database-connection"
}
2025-09-15 19:13:03 [INFO]: Successfully connected to database {
  "connectionTimeMs": 428,
  "mongoVersion": "8.13.0",
  "service": "database-connection"
}
2025-09-15 19:13:03 [INFO]: Initializing default data... {
  "service": "database-connection"
}
2025-09-15 19:13:04 [INFO]: Default data initialization complete {
  "service": "database-connection"
}
